0 verbose cli C:\Program Files\nodejs\node.exe C:\Program Files\nodejs\node_modules\npm\bin\npm-cli.js
1 info using npm@10.7.0
2 info using node@v20.15.0
3 silly config:load:file:C:\Program Files\nodejs\node_modules\npm\npmrc
4 silly config:load:file:C:\Users\Bravin\.npmrc
5 silly config:load:file:C:\Users\Bravin\my-portfolio\UsersBravinAppDataRoamingnpm\etc\npmrc
6 verbose title npm install create-react-app
7 verbose argv "install" "--global" "create-react-app"
8 verbose logfile logs-max:10 dir:C:\Users\Bravin\my-portfolio\UsersBravinAppDataLocalnpm-cache\_logs\2024-07-18T18_03_00_393Z-
9 verbose logfile C:\Users\Bravin\my-portfolio\UsersBravinAppDataLocalnpm-cache\_logs\2024-07-18T18_03_00_393Z-debug-0.log
10 silly logfile done cleaning log files
11 silly idealTree buildDeps
12 silly fetch manifest create-react-app@*
13 http fetch GET 200 https://registry.npmjs.org/npm 5034ms
14 http fetch GET 200 https://registry.npmjs.org/create-react-app 5123ms (cache miss)
15 silly placeDep ROOT create-react-app@5.0.1 OK for:  want: *
16 silly fetch manifest chalk@^4.1.2
17 silly fetch manifest commander@^4.1.1
18 silly fetch manifest cross-spawn@^7.0.3
19 http fetch GET 200 https://registry.npmjs.org/chalk 374ms (cache miss)
20 silly fetch manifest envinfo@^7.8.1
21 http fetch GET 200 https://registry.npmjs.org/envinfo 346ms (cache miss)
22 silly fetch manifest fs-extra@^10.0.0
23 http fetch GET 200 https://registry.npmjs.org/commander 1002ms (cache miss)
24 silly fetch manifest hyperquest@^2.1.3
25 http fetch GET 200 https://registry.npmjs.org/fs-extra 357ms (cache miss)
26 silly fetch manifest prompts@^2.4.2
27 http fetch GET 200 https://registry.npmjs.org/hyperquest 408ms (cache miss)
28 silly fetch manifest semver@^7.3.5
29 http fetch GET 200 https://registry.npmjs.org/prompts 388ms (cache miss)
30 silly fetch manifest tar-pack@^3.4.1
31 http fetch GET 200 https://registry.npmjs.org/semver 367ms (cache miss)
32 silly fetch manifest tmp@^0.2.1
33 http fetch GET 200 https://registry.npmjs.org/tar-pack 395ms (cache miss)
34 silly fetch manifest validate-npm-package-name@^3.0.0
35 http fetch GET 200 https://registry.npmjs.org/tmp 380ms (cache miss)
36 http fetch GET 200 https://registry.npmjs.org/validate-npm-package-name 341ms (cache miss)
37 http fetch GET 200 https://registry.npmjs.org/cross-spawn 4048ms (cache miss)
38 silly placeDep node_modules/create-react-app chalk@4.1.2 OK for: create-react-app@5.0.1 want: ^4.1.2
39 silly placeDep node_modules/create-react-app commander@4.1.1 OK for: create-react-app@5.0.1 want: ^4.1.1
40 silly placeDep node_modules/create-react-app cross-spawn@7.0.3 OK for: create-react-app@5.0.1 want: ^7.0.3
41 silly placeDep node_modules/create-react-app envinfo@7.13.0 OK for: create-react-app@5.0.1 want: ^7.8.1
42 silly placeDep node_modules/create-react-app fs-extra@10.1.0 OK for: create-react-app@5.0.1 want: ^10.0.0
43 silly placeDep node_modules/create-react-app hyperquest@2.1.3 OK for: create-react-app@5.0.1 want: ^2.1.3
44 silly placeDep node_modules/create-react-app prompts@2.4.2 OK for: create-react-app@5.0.1 want: ^2.4.2
45 silly placeDep node_modules/create-react-app semver@7.6.3 OK for: create-react-app@5.0.1 want: ^7.3.5
46 silly placeDep node_modules/create-react-app tar-pack@3.4.1 OK for: create-react-app@5.0.1 want: ^3.4.1
47 silly placeDep node_modules/create-react-app tmp@0.2.3 OK for: create-react-app@5.0.1 want: ^0.2.1
48 silly placeDep node_modules/create-react-app validate-npm-package-name@3.0.0 OK for: create-react-app@5.0.1 want: ^3.0.0
49 silly fetch manifest ansi-styles@^4.1.0
50 silly fetch manifest supports-color@^7.1.0
51 silly fetch manifest path-key@^3.1.0
52 http fetch GET 200 https://registry.npmjs.org/supports-color 351ms (cache miss)
53 silly fetch manifest shebang-command@^2.0.0
54 http fetch GET 200 https://registry.npmjs.org/path-key 364ms (cache miss)
55 silly fetch manifest which@^2.0.1
56 http fetch GET 200 https://registry.npmjs.org/ansi-styles 373ms (cache miss)
57 silly fetch manifest graceful-fs@^4.2.0
58 http fetch GET 200 https://registry.npmjs.org/shebang-command 339ms (cache miss)
59 silly fetch manifest jsonfile@^6.0.1
60 http fetch GET 200 https://registry.npmjs.org/which 397ms (cache miss)
61 silly fetch manifest universalify@^2.0.0
62 http fetch GET 200 https://registry.npmjs.org/graceful-fs 408ms (cache miss)
63 silly fetch manifest buffer-from@^0.1.1
64 http fetch GET 200 https://registry.npmjs.org/jsonfile 339ms (cache miss)
65 silly fetch manifest duplexer2@~0.0.2
66 http fetch GET 200 https://registry.npmjs.org/universalify 340ms (cache miss)
67 silly fetch manifest through2@~0.6.3
68 http fetch GET 200 https://registry.npmjs.org/buffer-from 430ms (cache miss)
69 silly fetch manifest kleur@^3.0.3
70 http fetch GET 200 https://registry.npmjs.org/duplexer2 352ms (cache miss)
71 silly fetch manifest sisteransi@^1.0.5
72 http fetch GET 200 https://registry.npmjs.org/through2 333ms (cache miss)
73 silly fetch manifest debug@^2.2.0
74 http fetch GET 200 https://registry.npmjs.org/kleur 356ms (cache miss)
75 silly fetch manifest fstream@^1.0.10
76 http fetch GET 200 https://registry.npmjs.org/sisteransi 374ms (cache miss)
77 silly fetch manifest fstream-ignore@^1.0.5
78 http fetch GET 200 https://registry.npmjs.org/debug 364ms (cache miss)
79 silly fetch manifest once@^1.3.3
80 http fetch GET 200 https://registry.npmjs.org/fstream 372ms (cache miss)
81 silly fetch manifest readable-stream@^2.1.4
82 http fetch GET 200 https://registry.npmjs.org/fstream-ignore 349ms (cache miss)
83 silly fetch manifest rimraf@^2.5.1
84 http fetch GET 200 https://registry.npmjs.org/once 336ms (cache miss)
85 silly fetch manifest tar@^2.2.1
86 http fetch GET 200 https://registry.npmjs.org/readable-stream 347ms (cache miss)
87 silly fetch manifest uid-number@^0.0.6
88 http fetch GET 200 https://registry.npmjs.org/rimraf 379ms (cache miss)
89 silly fetch manifest builtins@^1.0.3
90 http fetch GET 200 https://registry.npmjs.org/uid-number 348ms (cache miss)
91 http fetch GET 200 https://registry.npmjs.org/builtins 333ms (cache miss)
92 http fetch GET 200 https://registry.npmjs.org/tar 971ms (cache miss)
93 silly placeDep node_modules/create-react-app ansi-styles@4.3.0 OK for: chalk@4.1.2 want: ^4.1.0
94 silly placeDep node_modules/create-react-app supports-color@7.2.0 OK for: chalk@4.1.2 want: ^7.1.0
95 silly fetch manifest color-convert@^2.0.1
96 silly fetch manifest has-flag@^4.0.0
97 http fetch GET 200 https://registry.npmjs.org/has-flag 322ms (cache miss)
98 http fetch GET 200 https://registry.npmjs.org/color-convert 352ms (cache miss)
99 silly placeDep node_modules/create-react-app color-convert@2.0.1 OK for: ansi-styles@4.3.0 want: ^2.0.1
100 silly fetch manifest color-name@~1.1.4
101 http fetch GET 200 https://registry.npmjs.org/color-name 333ms (cache miss)
102 silly placeDep node_modules/create-react-app color-name@1.1.4 OK for: color-convert@2.0.1 want: ~1.1.4
103 silly placeDep node_modules/create-react-app path-key@3.1.1 OK for: cross-spawn@7.0.3 want: ^3.1.0
104 silly placeDep node_modules/create-react-app shebang-command@2.0.0 OK for: cross-spawn@7.0.3 want: ^2.0.0
105 silly placeDep node_modules/create-react-app which@2.0.2 OK for: cross-spawn@7.0.3 want: ^2.0.1
106 silly fetch manifest shebang-regex@^3.0.0
107 silly fetch manifest isexe@^2.0.0
108 http fetch GET 200 https://registry.npmjs.org/isexe 377ms (cache miss)
109 http fetch GET 200 https://registry.npmjs.org/shebang-regex 380ms (cache miss)
110 silly placeDep node_modules/create-react-app graceful-fs@4.2.11 OK for: fs-extra@10.1.0 want: ^4.2.0
111 silly placeDep node_modules/create-react-app jsonfile@6.1.0 OK for: fs-extra@10.1.0 want: ^6.0.1
112 silly placeDep node_modules/create-react-app universalify@2.0.1 OK for: fs-extra@10.1.0 want: ^2.0.0
113 silly placeDep node_modules/create-react-app buffer-from@0.1.2 OK for: hyperquest@2.1.3 want: ^0.1.1
114 silly placeDep node_modules/create-react-app duplexer2@0.0.2 OK for: hyperquest@2.1.3 want: ~0.0.2
115 silly placeDep node_modules/create-react-app through2@0.6.5 OK for: hyperquest@2.1.3 want: ~0.6.3
116 silly fetch manifest readable-stream@~1.1.9
117 silly fetch manifest readable-stream@>=1.0.33-1 <1.1.0-0
118 silly fetch manifest xtend@>=4.0.0 <4.1.0-0
119 http fetch GET 200 https://registry.npmjs.org/xtend 349ms (cache miss)
120 silly placeDep node_modules/create-react-app readable-stream@1.1.14 OK for: duplexer2@0.0.2 want: ~1.1.9
121 silly fetch manifest core-util-is@~1.0.0
122 silly fetch manifest isarray@0.0.1
123 silly fetch manifest string_decoder@~0.10.x
124 http fetch GET 200 https://registry.npmjs.org/core-util-is 373ms (cache miss)
125 silly fetch manifest inherits@~2.0.1
126 http fetch GET 200 https://registry.npmjs.org/isarray 389ms (cache miss)
127 http fetch GET 200 https://registry.npmjs.org/string_decoder 394ms (cache miss)
128 http fetch GET 200 https://registry.npmjs.org/inherits 331ms (cache miss)
129 silly placeDep node_modules/create-react-app kleur@3.0.3 OK for: prompts@2.4.2 want: ^3.0.3
130 silly placeDep node_modules/create-react-app sisteransi@1.0.5 OK for: prompts@2.4.2 want: ^1.0.5
131 silly placeDep node_modules/create-react-app core-util-is@1.0.3 OK for: readable-stream@1.1.14 want: ~1.0.0
132 silly placeDep node_modules/create-react-app inherits@2.0.4 OK for: readable-stream@1.1.14 want: ~2.0.1
133 silly placeDep node_modules/create-react-app isarray@0.0.1 OK for: readable-stream@1.1.14 want: 0.0.1
134 silly placeDep node_modules/create-react-app string_decoder@0.10.31 OK for: readable-stream@1.1.14 want: ~0.10.x
135 silly placeDep node_modules/create-react-app shebang-regex@3.0.0 OK for: shebang-command@2.0.0 want: ^3.0.0
136 silly placeDep node_modules/create-react-app has-flag@4.0.0 OK for: supports-color@7.2.0 want: ^4.0.0
137 silly placeDep node_modules/create-react-app debug@2.6.9 OK for: tar-pack@3.4.1 want: ^2.2.0
138 silly placeDep node_modules/create-react-app fstream@1.0.12 OK for: tar-pack@3.4.1 want: ^1.0.10
139 silly placeDep node_modules/create-react-app fstream-ignore@1.0.5 OK for: tar-pack@3.4.1 want: ^1.0.5
140 silly placeDep node_modules/create-react-app once@1.4.0 OK for: tar-pack@3.4.1 want: ^1.3.3
141 silly placeDep node_modules/create-react-app/node_modules/tar-pack readable-stream@2.3.8 OK for: tar-pack@3.4.1 want: ^2.1.4
142 silly placeDep node_modules/create-react-app rimraf@2.7.1 OK for: tar-pack@3.4.1 want: ^2.5.1
143 silly placeDep node_modules/create-react-app tar@2.2.2 OK for: tar-pack@3.4.1 want: ^2.2.1
144 silly placeDep node_modules/create-react-app uid-number@0.0.6 OK for: tar-pack@3.4.1 want: ^0.0.6
145 silly fetch manifest ms@2.0.0
146 silly fetch manifest mkdirp@>=0.5 0
147 silly fetch manifest rimraf@2
148 silly fetch manifest minimatch@^3.0.0
149 http fetch GET 200 https://registry.npmjs.org/ms 404ms (cache miss)
150 silly fetch manifest wrappy@1
151 http fetch GET 200 https://registry.npmjs.org/minimatch 404ms (cache miss)
152 silly fetch manifest isarray@~1.0.0
153 silly fetch manifest process-nextick-args@~2.0.0
154 http fetch GET 200 https://registry.npmjs.org/mkdirp 433ms (cache miss)
155 silly fetch manifest safe-buffer@~5.1.1
156 http fetch GET 200 https://registry.npmjs.org/wrappy 348ms (cache miss)
157 silly fetch manifest string_decoder@~1.1.1
158 silly fetch manifest util-deprecate@~1.0.1
159 http fetch GET 200 https://registry.npmjs.org/process-nextick-args 391ms (cache miss)
160 silly fetch manifest glob@^7.1.3
161 http fetch GET 200 https://registry.npmjs.org/safe-buffer 401ms (cache miss)
162 silly fetch manifest block-stream@*
163 http fetch GET 200 https://registry.npmjs.org/util-deprecate 319ms (cache miss)
164 http fetch GET 200 https://registry.npmjs.org/block-stream 370ms (cache miss)
165 http fetch GET 200 https://registry.npmjs.org/glob 401ms (cache miss)
166 silly placeDep node_modules/create-react-app ms@2.0.0 OK for: debug@2.6.9 want: 2.0.0
167 silly placeDep node_modules/create-react-app mkdirp@0.5.6 OK for: fstream@1.0.12 want: >=0.5 0
168 silly fetch manifest minimist@^1.2.6
169 http fetch GET 200 https://registry.npmjs.org/minimist 458ms (cache miss)
170 silly placeDep node_modules/create-react-app minimatch@3.1.2 OK for: fstream-ignore@1.0.5 want: ^3.0.0
171 silly fetch manifest brace-expansion@^1.1.7
172 http fetch GET 200 https://registry.npmjs.org/brace-expansion 416ms (cache miss)
173 silly placeDep node_modules/create-react-app brace-expansion@1.1.11 OK for: minimatch@3.1.2 want: ^1.1.7
174 silly fetch manifest balanced-match@^1.0.0
175 silly fetch manifest concat-map@0.0.1
176 http fetch GET 200 https://registry.npmjs.org/concat-map 357ms (cache miss)
177 http fetch GET 200 https://registry.npmjs.org/balanced-match 368ms (cache miss)
178 silly placeDep node_modules/create-react-app balanced-match@1.0.2 OK for: brace-expansion@1.1.11 want: ^1.0.0
179 silly placeDep node_modules/create-react-app concat-map@0.0.1 OK for: brace-expansion@1.1.11 want: 0.0.1
180 silly placeDep node_modules/create-react-app minimist@1.2.8 OK for: mkdirp@0.5.6 want: ^1.2.6
181 silly placeDep node_modules/create-react-app wrappy@1.0.2 OK for: once@1.4.0 want: 1
182 silly placeDep node_modules/create-react-app glob@7.2.3 OK for: rimraf@2.7.1 want: ^7.1.3
183 silly fetch manifest inflight@^1.0.4
184 silly fetch manifest fs.realpath@^1.0.0
185 silly fetch manifest path-is-absolute@^1.0.0
186 http fetch GET 200 https://registry.npmjs.org/fs.realpath 339ms (cache miss)
187 http fetch GET 200 https://registry.npmjs.org/inflight 345ms (cache miss)
188 http fetch GET 200 https://registry.npmjs.org/path-is-absolute 775ms (cache miss)
189 silly placeDep node_modules/create-react-app fs.realpath@1.0.0 OK for: glob@7.2.3 want: ^1.0.0
190 silly placeDep node_modules/create-react-app inflight@1.0.6 OK for: glob@7.2.3 want: ^1.0.4
191 silly placeDep node_modules/create-react-app path-is-absolute@1.0.1 OK for: glob@7.2.3 want: ^1.0.0
192 silly placeDep node_modules/create-react-app block-stream@0.0.9 OK for: tar@2.2.2 want: *
193 silly placeDep node_modules/create-react-app/node_modules/through2 readable-stream@1.0.34 OK for: through2@0.6.5 want: >=1.0.33-1 <1.1.0-0
194 silly placeDep node_modules/create-react-app xtend@4.0.2 OK for: through2@0.6.5 want: >=4.0.0 <4.1.0-0
195 silly placeDep node_modules/create-react-app builtins@1.0.3 OK for: validate-npm-package-name@3.0.0 want: ^1.0.3
196 silly placeDep node_modules/create-react-app isexe@2.0.0 OK for: which@2.0.2 want: ^2.0.0
197 silly placeDep node_modules/create-react-app/node_modules/tar-pack isarray@1.0.0 OK for: readable-stream@2.3.8 want: ~1.0.0
198 silly placeDep node_modules/create-react-app process-nextick-args@2.0.1 OK for: readable-stream@2.3.8 want: ~2.0.0
199 silly placeDep node_modules/create-react-app safe-buffer@5.1.2 OK for: readable-stream@2.3.8 want: ~5.1.1
200 silly placeDep node_modules/create-react-app/node_modules/tar-pack string_decoder@1.1.1 OK for: readable-stream@2.3.8 want: ~1.1.1
201 silly placeDep node_modules/create-react-app util-deprecate@1.0.2 OK for: readable-stream@2.3.8 want: ~1.0.1
202 silly reify moves {}
203 silly tarball no local data for safe-buffer@https://registry.npmjs.org/safe-buffer/-/safe-buffer-5.1.2.tgz. Extracting by manifest.
204 silly tarball no local data for create-react-app@https://registry.npmjs.org/create-react-app/-/create-react-app-5.0.1.tgz. Extracting by manifest.
205 silly tarball no local data for util-deprecate@https://registry.npmjs.org/util-deprecate/-/util-deprecate-1.0.2.tgz. Extracting by manifest.
206 silly tarball no local data for isexe@https://registry.npmjs.org/isexe/-/isexe-2.0.0.tgz. Extracting by manifest.
207 silly tarball no local data for process-nextick-args@https://registry.npmjs.org/process-nextick-args/-/process-nextick-args-2.0.1.tgz. Extracting by manifest.
208 silly tarball no local data for builtins@https://registry.npmjs.org/builtins/-/builtins-1.0.3.tgz. Extracting by manifest.
209 silly tarball no local data for xtend@https://registry.npmjs.org/xtend/-/xtend-4.0.2.tgz. Extracting by manifest.
210 silly tarball no local data for block-stream@https://registry.npmjs.org/block-stream/-/block-stream-0.0.9.tgz. Extracting by manifest.
211 silly tarball no local data for path-is-absolute@https://registry.npmjs.org/path-is-absolute/-/path-is-absolute-1.0.1.tgz. Extracting by manifest.
212 silly tarball no local data for inflight@https://registry.npmjs.org/inflight/-/inflight-1.0.6.tgz. Extracting by manifest.
213 silly tarball no local data for fs.realpath@https://registry.npmjs.org/fs.realpath/-/fs.realpath-1.0.0.tgz. Extracting by manifest.
214 silly tarball no local data for glob@https://registry.npmjs.org/glob/-/glob-7.2.3.tgz. Extracting by manifest.
215 silly tarball no local data for wrappy@https://registry.npmjs.org/wrappy/-/wrappy-1.0.2.tgz. Extracting by manifest.
216 silly tarball no local data for minimist@https://registry.npmjs.org/minimist/-/minimist-1.2.8.tgz. Extracting by manifest.
217 silly tarball no local data for concat-map@https://registry.npmjs.org/concat-map/-/concat-map-0.0.1.tgz. Extracting by manifest.
218 silly tarball no local data for balanced-match@https://registry.npmjs.org/balanced-match/-/balanced-match-1.0.2.tgz. Extracting by manifest.
219 silly tarball no local data for brace-expansion@https://registry.npmjs.org/brace-expansion/-/brace-expansion-1.1.11.tgz. Extracting by manifest.
220 silly tarball no local data for minimatch@https://registry.npmjs.org/minimatch/-/minimatch-3.1.2.tgz. Extracting by manifest.
221 silly tarball no local data for mkdirp@https://registry.npmjs.org/mkdirp/-/mkdirp-0.5.6.tgz. Extracting by manifest.
222 silly tarball no local data for ms@https://registry.npmjs.org/ms/-/ms-2.0.0.tgz. Extracting by manifest.
223 silly tarball no local data for tar@https://registry.npmjs.org/tar/-/tar-2.2.2.tgz. Extracting by manifest.
224 silly tarball no local data for uid-number@https://registry.npmjs.org/uid-number/-/uid-number-0.0.6.tgz. Extracting by manifest.
225 silly tarball no local data for rimraf@https://registry.npmjs.org/rimraf/-/rimraf-2.7.1.tgz. Extracting by manifest.
226 silly tarball no local data for once@https://registry.npmjs.org/once/-/once-1.4.0.tgz. Extracting by manifest.
227 silly tarball no local data for fstream-ignore@https://registry.npmjs.org/fstream-ignore/-/fstream-ignore-1.0.5.tgz. Extracting by manifest.
228 silly tarball no local data for debug@https://registry.npmjs.org/debug/-/debug-2.6.9.tgz. Extracting by manifest.
229 silly tarball no local data for has-flag@https://registry.npmjs.org/has-flag/-/has-flag-4.0.0.tgz. Extracting by manifest.
230 silly tarball no local data for shebang-regex@https://registry.npmjs.org/shebang-regex/-/shebang-regex-3.0.0.tgz. Extracting by manifest.
231 silly tarball no local data for string_decoder@https://registry.npmjs.org/string_decoder/-/string_decoder-0.10.31.tgz. Extracting by manifest.
232 silly tarball no local data for inherits@https://registry.npmjs.org/inherits/-/inherits-2.0.4.tgz. Extracting by manifest.
233 silly tarball no local data for core-util-is@https://registry.npmjs.org/core-util-is/-/core-util-is-1.0.3.tgz. Extracting by manifest.
234 silly tarball no local data for sisteransi@https://registry.npmjs.org/sisteransi/-/sisteransi-1.0.5.tgz. Extracting by manifest.
235 silly tarball no local data for isarray@https://registry.npmjs.org/isarray/-/isarray-0.0.1.tgz. Extracting by manifest.
236 silly tarball no local data for kleur@https://registry.npmjs.org/kleur/-/kleur-3.0.3.tgz. Extracting by manifest.
237 silly tarball no local data for fstream@https://registry.npmjs.org/fstream/-/fstream-1.0.12.tgz. Extracting by manifest.
238 silly tarball no local data for readable-stream@https://registry.npmjs.org/readable-stream/-/readable-stream-1.1.14.tgz. Extracting by manifest.
239 silly tarball no local data for through2@https://registry.npmjs.org/through2/-/through2-0.6.5.tgz. Extracting by manifest.
240 silly tarball no local data for readable-stream@https://registry.npmjs.org/readable-stream/-/readable-stream-1.0.34.tgz. Extracting by manifest.
241 silly tarball no local data for buffer-from@https://registry.npmjs.org/buffer-from/-/buffer-from-0.1.2.tgz. Extracting by manifest.
242 silly tarball no local data for jsonfile@https://registry.npmjs.org/jsonfile/-/jsonfile-6.1.0.tgz. Extracting by manifest.
243 silly tarball no local data for universalify@https://registry.npmjs.org/universalify/-/universalify-2.0.1.tgz. Extracting by manifest.
244 silly tarball no local data for graceful-fs@https://registry.npmjs.org/graceful-fs/-/graceful-fs-4.2.11.tgz. Extracting by manifest.
245 silly tarball no local data for shebang-command@https://registry.npmjs.org/shebang-command/-/shebang-command-2.0.0.tgz. Extracting by manifest.
246 silly tarball no local data for which@https://registry.npmjs.org/which/-/which-2.0.2.tgz. Extracting by manifest.
247 silly tarball no local data for path-key@https://registry.npmjs.org/path-key/-/path-key-3.1.1.tgz. Extracting by manifest.
248 silly tarball no local data for color-convert@https://registry.npmjs.org/color-convert/-/color-convert-2.0.1.tgz. Extracting by manifest.
249 silly tarball no local data for color-name@https://registry.npmjs.org/color-name/-/color-name-1.1.4.tgz. Extracting by manifest.
250 silly tarball no local data for supports-color@https://registry.npmjs.org/supports-color/-/supports-color-7.2.0.tgz. Extracting by manifest.
251 silly tarball no local data for ansi-styles@https://registry.npmjs.org/ansi-styles/-/ansi-styles-4.3.0.tgz. Extracting by manifest.
252 silly tarball no local data for validate-npm-package-name@https://registry.npmjs.org/validate-npm-package-name/-/validate-npm-package-name-3.0.0.tgz. Extracting by manifest.
253 silly tarball no local data for tmp@https://registry.npmjs.org/tmp/-/tmp-0.2.3.tgz. Extracting by manifest.
254 silly tarball no local data for tar-pack@https://registry.npmjs.org/tar-pack/-/tar-pack-3.4.1.tgz. Extracting by manifest.
255 silly tarball no local data for string_decoder@https://registry.npmjs.org/string_decoder/-/string_decoder-1.1.1.tgz. Extracting by manifest.
256 silly tarball no local data for readable-stream@https://registry.npmjs.org/readable-stream/-/readable-stream-2.3.8.tgz. Extracting by manifest.
257 silly tarball no local data for isarray@https://registry.npmjs.org/isarray/-/isarray-1.0.0.tgz. Extracting by manifest.
258 silly tarball no local data for semver@https://registry.npmjs.org/semver/-/semver-7.6.3.tgz. Extracting by manifest.
259 silly tarball no local data for hyperquest@https://registry.npmjs.org/hyperquest/-/hyperquest-2.1.3.tgz. Extracting by manifest.
260 silly tarball no local data for prompts@https://registry.npmjs.org/prompts/-/prompts-2.4.2.tgz. Extracting by manifest.
261 silly tarball no local data for fs-extra@https://registry.npmjs.org/fs-extra/-/fs-extra-10.1.0.tgz. Extracting by manifest.
262 silly tarball no local data for commander@https://registry.npmjs.org/commander/-/commander-4.1.1.tgz. Extracting by manifest.
263 silly tarball no local data for envinfo@https://registry.npmjs.org/envinfo/-/envinfo-7.13.0.tgz. Extracting by manifest.
264 silly tarball no local data for cross-spawn@https://registry.npmjs.org/cross-spawn/-/cross-spawn-7.0.3.tgz. Extracting by manifest.
265 silly tarball no local data for duplexer2@https://registry.npmjs.org/duplexer2/-/duplexer2-0.0.2.tgz. Extracting by manifest.
266 silly tarball no local data for chalk@https://registry.npmjs.org/chalk/-/chalk-4.1.2.tgz. Extracting by manifest.
267 http fetch GET 200 https://registry.npmjs.org/safe-buffer/-/safe-buffer-5.1.2.tgz 512ms (cache miss)
268 http fetch GET 200 https://registry.npmjs.org/create-react-app/-/create-react-app-5.0.1.tgz 570ms (cache miss)
269 http fetch GET 200 https://registry.npmjs.org/util-deprecate/-/util-deprecate-1.0.2.tgz 567ms (cache miss)
270 http fetch GET 200 https://registry.npmjs.org/balanced-match/-/balanced-match-1.0.2.tgz 721ms (cache miss)
271 http fetch GET 200 https://registry.npmjs.org/brace-expansion/-/brace-expansion-1.1.11.tgz 764ms (cache miss)
272 http fetch GET 200 https://registry.npmjs.org/minimatch/-/minimatch-3.1.2.tgz 770ms (cache miss)
273 http fetch GET 200 https://registry.npmjs.org/mkdirp/-/mkdirp-0.5.6.tgz 1017ms (cache miss)
274 http fetch GET 200 https://registry.npmjs.org/ms/-/ms-2.0.0.tgz 1097ms (cache miss)
275 http fetch GET 200 https://registry.npmjs.org/uid-number/-/uid-number-0.0.6.tgz 1343ms (cache miss)
276 warn deprecated uid-number@0.0.6: This package is no longer supported.
277 http fetch GET 200 https://registry.npmjs.org/rimraf/-/rimraf-2.7.1.tgz 1374ms (cache miss)
278 warn deprecated rimraf@2.7.1: Rimraf versions prior to v4 are no longer supported
279 http fetch GET 200 https://registry.npmjs.org/once/-/once-1.4.0.tgz 1631ms (cache miss)
280 http fetch GET 200 https://registry.npmjs.org/fstream-ignore/-/fstream-ignore-1.0.5.tgz 1677ms (cache miss)
281 warn deprecated fstream-ignore@1.0.5: This package is no longer supported.
282 http fetch GET 200 https://registry.npmjs.org/tar/-/tar-2.2.2.tgz 1784ms (cache miss)
283 warn deprecated tar@2.2.2: This version of tar is no longer supported, and will not receive security updates. Please upgrade asap.
284 http fetch GET 200 https://registry.npmjs.org/has-flag/-/has-flag-4.0.0.tgz 2083ms (cache miss)
285 http fetch GET 200 https://registry.npmjs.org/shebang-regex/-/shebang-regex-3.0.0.tgz 2084ms (cache miss)
286 http fetch GET 200 https://registry.npmjs.org/debug/-/debug-2.6.9.tgz 2142ms (cache miss)
287 http fetch GET 200 https://registry.npmjs.org/string_decoder/-/string_decoder-0.10.31.tgz 2247ms (cache miss)
288 http fetch GET 200 https://registry.npmjs.org/inherits/-/inherits-2.0.4.tgz 2303ms (cache miss)
289 http fetch GET 200 https://registry.npmjs.org/core-util-is/-/core-util-is-1.0.3.tgz 2400ms (cache miss)
290 http fetch GET 200 https://registry.npmjs.org/sisteransi/-/sisteransi-1.0.5.tgz 2560ms (cache miss)
291 http fetch GET 200 https://registry.npmjs.org/isarray/-/isarray-0.0.1.tgz 2601ms (cache miss)
292 http fetch GET 200 https://registry.npmjs.org/kleur/-/kleur-3.0.3.tgz 2717ms (cache miss)
293 http fetch GET 200 https://registry.npmjs.org/readable-stream/-/readable-stream-1.1.14.tgz 2948ms (cache miss)
294 http fetch GET 200 https://registry.npmjs.org/fstream/-/fstream-1.0.12.tgz 2968ms (cache miss)
295 warn deprecated fstream@1.0.12: This package is no longer supported.
296 http fetch GET 200 https://registry.npmjs.org/through2/-/through2-0.6.5.tgz 3027ms (cache miss)
297 http fetch GET 200 https://registry.npmjs.org/buffer-from/-/buffer-from-0.1.2.tgz 3207ms (cache miss)
298 http fetch GET 200 https://registry.npmjs.org/jsonfile/-/jsonfile-6.1.0.tgz 3371ms (cache miss)
299 http fetch GET 200 https://registry.npmjs.org/universalify/-/universalify-2.0.1.tgz 3528ms (cache miss)
300 http fetch GET 200 https://registry.npmjs.org/graceful-fs/-/graceful-fs-4.2.11.tgz 3717ms (cache miss)
301 http fetch GET 200 https://registry.npmjs.org/shebang-command/-/shebang-command-2.0.0.tgz 3819ms (cache miss)
302 http fetch GET 200 https://registry.npmjs.org/which/-/which-2.0.2.tgz 4045ms (cache miss)
303 http fetch GET 200 https://registry.npmjs.org/process-nextick-args/-/process-nextick-args-2.0.1.tgz 4217ms (cache miss)
304 http fetch GET 200 https://registry.npmjs.org/block-stream/-/block-stream-0.0.9.tgz 4231ms (cache miss)
305 http fetch GET 200 https://registry.npmjs.org/path-is-absolute/-/path-is-absolute-1.0.1.tgz 4265ms (cache miss)
306 http fetch GET 200 https://registry.npmjs.org/path-key/-/path-key-3.1.1.tgz 4202ms (cache miss)
307 http fetch GET 200 https://registry.npmjs.org/wrappy/-/wrappy-1.0.2.tgz 4259ms (cache miss)
308 http fetch GET 200 https://registry.npmjs.org/inflight/-/inflight-1.0.6.tgz 4267ms (cache miss)
309 warn deprecated inflight@1.0.6: This module is not supported, and leaks memory. Do not use it. Check out lru-cache if you want a good and tested way to coalesce async requests by a key value, which is much more comprehensive and powerful.
310 http fetch GET 200 https://registry.npmjs.org/isexe/-/isexe-2.0.0.tgz 4308ms (cache miss)
311 http fetch GET 200 https://registry.npmjs.org/concat-map/-/concat-map-0.0.1.tgz 4300ms (cache miss)
312 http fetch GET 200 https://registry.npmjs.org/glob/-/glob-7.2.3.tgz 4339ms (cache miss)
313 warn deprecated glob@7.2.3: Glob versions prior to v9 are no longer supported
314 http fetch GET 200 https://registry.npmjs.org/color-convert/-/color-convert-2.0.1.tgz 4349ms (cache miss)
315 http fetch GET 200 https://registry.npmjs.org/minimist/-/minimist-1.2.8.tgz 4423ms (cache miss)
316 http fetch GET 200 https://registry.npmjs.org/color-name/-/color-name-1.1.4.tgz 4396ms (cache miss)
317 http fetch GET 200 https://registry.npmjs.org/supports-color/-/supports-color-7.2.0.tgz 4541ms (cache miss)
318 http fetch GET 200 https://registry.npmjs.org/ansi-styles/-/ansi-styles-4.3.0.tgz 4572ms (cache miss)
319 http fetch GET 200 https://registry.npmjs.org/readable-stream/-/readable-stream-1.0.34.tgz 4601ms (cache miss)
320 http fetch GET 200 https://registry.npmjs.org/string_decoder/-/string_decoder-1.1.1.tgz 4611ms (cache miss)
321 http fetch GET 200 https://registry.npmjs.org/isarray/-/isarray-1.0.0.tgz 4637ms (cache miss)
322 http fetch GET 200 https://registry.npmjs.org/validate-npm-package-name/-/validate-npm-package-name-3.0.0.tgz 4689ms (cache miss)
323 http fetch GET 200 https://registry.npmjs.org/hyperquest/-/hyperquest-2.1.3.tgz 5280ms (cache miss)
324 http fetch GET 200 https://registry.npmjs.org/tmp/-/tmp-0.2.3.tgz 5306ms (cache miss)
325 http fetch GET 200 https://registry.npmjs.org/tar-pack/-/tar-pack-3.4.1.tgz 5319ms (cache miss)
326 http fetch GET 200 https://registry.npmjs.org/cross-spawn/-/cross-spawn-7.0.3.tgz 5361ms (cache miss)
327 http fetch GET 200 https://registry.npmjs.org/fs.realpath/-/fs.realpath-1.0.0.tgz 5510ms (cache miss)
328 http fetch GET 200 https://registry.npmjs.org/builtins/-/builtins-1.0.3.tgz 5523ms (cache miss)
329 http fetch GET 200 https://registry.npmjs.org/xtend/-/xtend-4.0.2.tgz 5532ms (cache miss)
330 http fetch GET 200 https://registry.npmjs.org/duplexer2/-/duplexer2-0.0.2.tgz 5455ms (cache miss)
331 http fetch GET 200 https://registry.npmjs.org/chalk/-/chalk-4.1.2.tgz 5552ms (cache miss)
332 http fetch GET 200 https://registry.npmjs.org/envinfo/-/envinfo-7.13.0.tgz 6283ms (cache miss)
333 http fetch GET 200 https://registry.npmjs.org/readable-stream/-/readable-stream-2.3.8.tgz 6303ms (cache miss)
334 http fetch GET 200 https://registry.npmjs.org/fs-extra/-/fs-extra-10.1.0.tgz 6423ms (cache miss)
335 http fetch GET 200 https://registry.npmjs.org/semver/-/semver-7.6.3.tgz 6462ms (cache miss)
336 http fetch GET 200 https://registry.npmjs.org/prompts/-/prompts-2.4.2.tgz 6553ms (cache miss)
337 http fetch GET 200 https://registry.npmjs.org/commander/-/commander-4.1.1.tgz 7397ms (cache miss)
338 silly ADD node_modules/create-react-app
339 silly ADD node_modules/create-react-app/node_modules/util-deprecate
340 silly ADD node_modules/create-react-app/node_modules/safe-buffer
341 silly ADD node_modules/create-react-app/node_modules/process-nextick-args
342 silly ADD node_modules/create-react-app/node_modules/isexe
343 silly ADD node_modules/create-react-app/node_modules/builtins
344 silly ADD node_modules/create-react-app/node_modules/xtend
345 silly ADD node_modules/create-react-app/node_modules/block-stream
346 silly ADD node_modules/create-react-app/node_modules/path-is-absolute
347 silly ADD node_modules/create-react-app/node_modules/inflight
348 silly ADD node_modules/create-react-app/node_modules/fs.realpath
349 silly ADD node_modules/create-react-app/node_modules/glob
350 silly ADD node_modules/create-react-app/node_modules/wrappy
351 silly ADD node_modules/create-react-app/node_modules/minimist
352 silly ADD node_modules/create-react-app/node_modules/concat-map
353 silly ADD node_modules/create-react-app/node_modules/balanced-match
354 silly ADD node_modules/create-react-app/node_modules/brace-expansion
355 silly ADD node_modules/create-react-app/node_modules/minimatch
356 silly ADD node_modules/create-react-app/node_modules/mkdirp
357 silly ADD node_modules/create-react-app/node_modules/ms
358 silly ADD node_modules/create-react-app/node_modules/uid-number
359 silly ADD node_modules/create-react-app/node_modules/tar
360 silly ADD node_modules/create-react-app/node_modules/rimraf
361 silly ADD node_modules/create-react-app/node_modules/once
362 silly ADD node_modules/create-react-app/node_modules/fstream-ignore
363 silly ADD node_modules/create-react-app/node_modules/fstream
364 silly ADD node_modules/create-react-app/node_modules/debug
365 silly ADD node_modules/create-react-app/node_modules/has-flag
366 silly ADD node_modules/create-react-app/node_modules/shebang-regex
367 silly ADD node_modules/create-react-app/node_modules/string_decoder
368 silly ADD node_modules/create-react-app/node_modules/isarray
369 silly ADD node_modules/create-react-app/node_modules/inherits
370 silly ADD node_modules/create-react-app/node_modules/core-util-is
371 silly ADD node_modules/create-react-app/node_modules/sisteransi
372 silly ADD node_modules/create-react-app/node_modules/kleur
373 silly ADD node_modules/create-react-app/node_modules/readable-stream
374 silly ADD node_modules/create-react-app/node_modules/through2
375 silly ADD node_modules/create-react-app/node_modules/through2/node_modules/readable-stream
376 silly ADD node_modules/create-react-app/node_modules/duplexer2
377 silly ADD node_modules/create-react-app/node_modules/buffer-from
378 silly ADD node_modules/create-react-app/node_modules/universalify
379 silly ADD node_modules/create-react-app/node_modules/jsonfile
380 silly ADD node_modules/create-react-app/node_modules/graceful-fs
381 silly ADD node_modules/create-react-app/node_modules/which
382 silly ADD node_modules/create-react-app/node_modules/shebang-command
383 silly ADD node_modules/create-react-app/node_modules/path-key
384 silly ADD node_modules/create-react-app/node_modules/color-name
385 silly ADD node_modules/create-react-app/node_modules/color-convert
386 silly ADD node_modules/create-react-app/node_modules/supports-color
387 silly ADD node_modules/create-react-app/node_modules/ansi-styles
388 silly ADD node_modules/create-react-app/node_modules/validate-npm-package-name
389 silly ADD node_modules/create-react-app/node_modules/tmp
390 silly ADD node_modules/create-react-app/node_modules/tar-pack
391 silly ADD node_modules/create-react-app/node_modules/tar-pack/node_modules/string_decoder
392 silly ADD node_modules/create-react-app/node_modules/tar-pack/node_modules/isarray
393 silly ADD node_modules/create-react-app/node_modules/tar-pack/node_modules/readable-stream
394 silly ADD node_modules/create-react-app/node_modules/semver
395 silly ADD node_modules/create-react-app/node_modules/prompts
396 silly ADD node_modules/create-react-app/node_modules/hyperquest
397 silly ADD node_modules/create-react-app/node_modules/fs-extra
398 silly ADD node_modules/create-react-app/node_modules/envinfo
399 silly ADD node_modules/create-react-app/node_modules/cross-spawn
400 silly ADD node_modules/create-react-app/node_modules/commander
401 silly ADD node_modules/create-react-app/node_modules/chalk
402 notice
402 notice New [33mminor[39m version of npm available! [33m10.7.0[39m -> [34m10.8.2[39m
402 notice Changelog: [34mhttps://github.com/npm/cli/releases/tag/v10.8.2[39m
402 notice To update run: [4mnpm install -g npm@10.8.2[24m
402 notice  { force: true, [Symbol(proc-log.meta)]: true }
403 verbose exit 0
404 info ok
