0 verbose cli C:\Program Files\nodejs\node.exe C:\Program Files\nodejs\node_modules\npm\bin\npm-cli.js
1 info using npm@10.7.0
2 info using node@v20.15.0
3 silly config:load:file:C:\Program Files\nodejs\node_modules\npm\npmrc
4 silly config:load:file:C:\Users\Bravin\my-portfolio\.npmrc
5 silly config:load:file:C:\Users\Bravin\.npmrc
6 silly config:load:file:C:\Users\Bravin\my-portfolio\UsersBravinAppDataRoamingnpm\etc\npmrc
7 verbose title npm run build
8 verbose argv "run" "build"
9 verbose logfile logs-max:10 dir:C:\Users\Bravin\my-portfolio\UsersBravinAppDataLocalnpm-cache\_logs\2024-07-19T02_00_36_715Z-
10 verbose logfile C:\Users\Bravin\my-portfolio\UsersBravinAppDataLocalnpm-cache\_logs\2024-07-19T02_00_36_715Z-debug-0.log
11 silly logfile done cleaning log files
12 verbose stack Error: Could not read package.json: Error: ENOENT: no such file or directory, open 'C:\Users\Bravin\my-portfolio\package.json'
12 verbose stack     at async open (node:internal/fs/promises:639:25)
12 verbose stack     at async readFile (node:internal/fs/promises:1249:14)
12 verbose stack     at async PackageJson.load (C:\Program Files\nodejs\node_modules\npm\node_modules\@npmcli\package-json\lib\index.js:129:31)
12 verbose stack     at async PackageJson.normalize (C:\Program Files\nodejs\node_modules\npm\node_modules\@npmcli\package-json\lib\index.js:115:5)
12 verbose stack     at async RunScript.run (C:\Program Files\nodejs\node_modules\npm\lib\commands\run-script.js:55:27)
12 verbose stack     at async module.exports (C:\Program Files\nodejs\node_modules\npm\lib\cli\entry.js:74:5)
13 verbose cwd C:\Users\Bravin\my-portfolio
14 verbose Windows_NT 10.0.19045
15 verbose node v20.15.0
16 verbose npm  v10.7.0
17 error code ENOENT
18 error syscall open
19 error path C:\Users\Bravin\my-portfolio\package.json
20 error errno -4058
21 error enoent Could not read package.json: Error: ENOENT: no such file or directory, open 'C:\Users\Bravin\my-portfolio\package.json'
22 error enoent This is related to npm not being able to find a file.
22 error enoent
23 verbose exit -4058
24 verbose code -4058
25 error A complete log of this run can be found in: C:\Users\Bravin\my-portfolio\UsersBravinAppDataLocalnpm-cache\_logs\2024-07-19T02_00_36_715Z-debug-0.log
